{"total": {"lines":{"total":715,"covered":627,"skipped":0,"pct":87.69},"statements":{"total":715,"covered":627,"skipped":0,"pct":87.69},"functions":{"total":37,"covered":32,"skipped":0,"pct":86.49},"branches":{"total":85,"covered":79,"skipped":0,"pct":92.94}}
,"/Users/maki/projects/macaroons.js/src/main/ts/Base64Tools.ts": {"lines":{"total":15,"covered":15,"skipped":0,"pct":100},"functions":{"total":0,"covered":0,"skipped":0,"pct":100},"statements":{"total":15,"covered":15,"skipped":0,"pct":100},"branches":{"total":0,"covered":0,"skipped":0,"pct":100}}
,"/Users/maki/projects/macaroons.js/src/main/ts/BufferTools.ts": {"lines":{"total":23,"covered":20,"skipped":0,"pct":86.96},"functions":{"total":2,"covered":1,"skipped":0,"pct":50},"statements":{"total":23,"covered":20,"skipped":0,"pct":86.96},"branches":{"total":2,"covered":2,"skipped":0,"pct":100}}
,"/Users/maki/projects/macaroons.js/src/main/ts/CaveatPacket.ts": {"lines":{"total":31,"covered":31,"skipped":0,"pct":100},"functions":{"total":1,"covered":1,"skipped":0,"pct":100},"statements":{"total":31,"covered":31,"skipped":0,"pct":100},"branches":{"total":2,"covered":2,"skipped":0,"pct":100}}
,"/Users/maki/projects/macaroons.js/src/main/ts/CaveatPacketType.ts": {"lines":{"total":12,"covered":12,"skipped":0,"pct":100},"functions":{"total":0,"covered":0,"skipped":0,"pct":100},"statements":{"total":12,"covered":12,"skipped":0,"pct":100},"branches":{"total":0,"covered":0,"skipped":0,"pct":100}}
,"/Users/maki/projects/macaroons.js/src/main/ts/CryptoTools.ts": {"lines":{"total":90,"covered":71,"skipped":0,"pct":78.89},"functions":{"total":8,"covered":7,"skipped":0,"pct":87.5},"statements":{"total":90,"covered":71,"skipped":0,"pct":78.89},"branches":{"total":11,"covered":10,"skipped":0,"pct":90.91}}
,"/Users/maki/projects/macaroons.js/src/main/ts/Macaroon.ts": {"lines":{"total":39,"covered":39,"skipped":0,"pct":100},"functions":{"total":0,"covered":0,"skipped":0,"pct":100},"statements":{"total":39,"covered":39,"skipped":0,"pct":100},"branches":{"total":1,"covered":1,"skipped":0,"pct":100}}
,"/Users/maki/projects/macaroons.js/src/main/ts/MacaroonsBuilder.ts": {"lines":{"total":72,"covered":70,"skipped":0,"pct":97.22},"functions":{"total":2,"covered":2,"skipped":0,"pct":100},"statements":{"total":72,"covered":70,"skipped":0,"pct":97.22},"branches":{"total":7,"covered":6,"skipped":0,"pct":85.71}}
,"/Users/maki/projects/macaroons.js/src/main/ts/MacaroonsConstants.ts": {"lines":{"total":39,"covered":18,"skipped":0,"pct":46.15},"functions":{"total":1,"covered":0,"skipped":0,"pct":0},"statements":{"total":39,"covered":18,"skipped":0,"pct":46.15},"branches":{"total":1,"covered":1,"skipped":0,"pct":100}}
,"/Users/maki/projects/macaroons.js/src/main/ts/MacaroonsDeSerializer.ts": {"lines":{"total":144,"covered":125,"skipped":0,"pct":86.81},"functions":{"total":11,"covered":10,"skipped":0,"pct":90.91},"statements":{"total":144,"covered":125,"skipped":0,"pct":86.81},"branches":{"total":36,"covered":34,"skipped":0,"pct":94.44}}
,"/Users/maki/projects/macaroons.js/src/main/ts/MacaroonsSerializer.ts": {"lines":{"total":64,"covered":53,"skipped":0,"pct":82.81},"functions":{"total":4,"covered":3,"skipped":0,"pct":75},"statements":{"total":64,"covered":53,"skipped":0,"pct":82.81},"branches":{"total":5,"covered":5,"skipped":0,"pct":100}}
,"/Users/maki/projects/macaroons.js/src/main/ts/MacaroonsVerifier.ts": {"lines":{"total":163,"covered":150,"skipped":0,"pct":92.02},"functions":{"total":8,"covered":8,"skipped":0,"pct":100},"statements":{"total":163,"covered":150,"skipped":0,"pct":92.02},"branches":{"total":20,"covered":18,"skipped":0,"pct":90}}
,"/Users/maki/projects/macaroons.js/src/main/ts/ThirdPartyPacket.ts": {"lines":{"total":10,"covered":10,"skipped":0,"pct":100},"functions":{"total":0,"covered":0,"skipped":0,"pct":100},"statements":{"total":10,"covered":10,"skipped":0,"pct":100},"branches":{"total":0,"covered":0,"skipped":0,"pct":100}}
,"/Users/maki/projects/macaroons.js/src/main/ts/verifier/TimestampCaveatVerifier.ts": {"lines":{"total":13,"covered":13,"skipped":0,"pct":100},"functions":{"total":0,"covered":0,"skipped":0,"pct":100},"statements":{"total":13,"covered":13,"skipped":0,"pct":100},"branches":{"total":0,"covered":0,"skipped":0,"pct":100}}
}
