{"/home/runner/work/macaroons.js/macaroons.js/src/main/ts/Base64Tools.ts": {"path":"/home/runner/work/macaroons.js/macaroons.js/src/main/ts/Base64Tools.ts","all":false,"statementMap":{"0":{"start":{"line":1,"column":0},"end":{"line":1,"column":0}}},"s":{"0":1},"branchMap":{},"b":{},"fnMap":{},"f":{}}
,"/home/runner/work/macaroons.js/macaroons.js/src/main/ts/BufferTools.ts": {"path":"/home/runner/work/macaroons.js/macaroons.js/src/main/ts/BufferTools.ts","all":false,"statementMap":{"0":{"start":{"line":1,"column":0},"end":{"line":1,"column":0}}},"s":{"0":1},"branchMap":{},"b":{},"fnMap":{},"f":{}}
,"/home/runner/work/macaroons.js/macaroons.js/src/main/ts/CaveatPacket.ts": {"path":"/home/runner/work/macaroons.js/macaroons.js/src/main/ts/CaveatPacket.ts","all":false,"statementMap":{"0":{"start":{"line":1,"column":0},"end":{"line":1,"column":0}}},"s":{"0":1},"branchMap":{},"b":{},"fnMap":{},"f":{}}
,"/home/runner/work/macaroons.js/macaroons.js/src/main/ts/CaveatPacketType.ts": {"path":"/home/runner/work/macaroons.js/macaroons.js/src/main/ts/CaveatPacketType.ts","all":false,"statementMap":{"0":{"start":{"line":1,"column":0},"end":{"line":1,"column":0}}},"s":{"0":1},"branchMap":{},"b":{},"fnMap":{},"f":{}}
,"/home/runner/work/macaroons.js/macaroons.js/src/main/ts/CryptoTools.ts": {"path":"/home/runner/work/macaroons.js/macaroons.js/src/main/ts/CryptoTools.ts","all":false,"statementMap":{"0":{"start":{"line":1,"column":0},"end":{"line":1,"column":0}}},"s":{"0":1},"branchMap":{},"b":{},"fnMap":{},"f":{}}
,"/home/runner/work/macaroons.js/macaroons.js/src/main/ts/Macaroon.ts": {"path":"/home/runner/work/macaroons.js/macaroons.js/src/main/ts/Macaroon.ts","all":false,"statementMap":{"0":{"start":{"line":1,"column":0},"end":{"line":1,"column":0}}},"s":{"0":1},"branchMap":{},"b":{},"fnMap":{},"f":{}}
,"/home/runner/work/macaroons.js/macaroons.js/src/main/ts/MacaroonsBuilder.ts": {"path":"/home/runner/work/macaroons.js/macaroons.js/src/main/ts/MacaroonsBuilder.ts","all":false,"statementMap":{"0":{"start":{"line":1,"column":0},"end":{"line":1,"column":0}}},"s":{"0":1},"branchMap":{},"b":{},"fnMap":{},"f":{}}
,"/home/runner/work/macaroons.js/macaroons.js/src/main/ts/MacaroonsConstants.ts": {"path":"/home/runner/work/macaroons.js/macaroons.js/src/main/ts/MacaroonsConstants.ts","all":false,"statementMap":{"0":{"start":{"line":1,"column":0},"end":{"line":1,"column":0}}},"s":{"0":1},"branchMap":{},"b":{},"fnMap":{},"f":{}}
,"/home/runner/work/macaroons.js/macaroons.js/src/main/ts/MacaroonsDeSerializer.ts": {"path":"/home/runner/work/macaroons.js/macaroons.js/src/main/ts/MacaroonsDeSerializer.ts","all":false,"statementMap":{"0":{"start":{"line":1,"column":0},"end":{"line":1,"column":0}}},"s":{"0":1},"branchMap":{},"b":{},"fnMap":{},"f":{}}
,"/home/runner/work/macaroons.js/macaroons.js/src/main/ts/MacaroonsSerializer.ts": {"path":"/home/runner/work/macaroons.js/macaroons.js/src/main/ts/MacaroonsSerializer.ts","all":false,"statementMap":{"0":{"start":{"line":1,"column":0},"end":{"line":1,"column":0}}},"s":{"0":1},"branchMap":{},"b":{},"fnMap":{},"f":{}}
,"/home/runner/work/macaroons.js/macaroons.js/src/main/ts/MacaroonsVerifier.ts": {"path":"/home/runner/work/macaroons.js/macaroons.js/src/main/ts/MacaroonsVerifier.ts","all":false,"statementMap":{"0":{"start":{"line":1,"column":0},"end":{"line":1,"column":0}}},"s":{"0":1},"branchMap":{},"b":{},"fnMap":{},"f":{}}
,"/home/runner/work/macaroons.js/macaroons.js/src/main/ts/ThirdPartyPacket.ts": {"path":"/home/runner/work/macaroons.js/macaroons.js/src/main/ts/ThirdPartyPacket.ts","all":false,"statementMap":{"0":{"start":{"line":1,"column":0},"end":{"line":1,"column":0}}},"s":{"0":1},"branchMap":{},"b":{},"fnMap":{},"f":{}}
,"/home/runner/work/macaroons.js/macaroons.js/src/main/ts/verifier/TimestampCaveatVerifier.ts": {"path":"/home/runner/work/macaroons.js/macaroons.js/src/main/ts/verifier/TimestampCaveatVerifier.ts","all":false,"statementMap":{"0":{"start":{"line":1,"column":0},"end":{"line":1,"column":0}}},"s":{"0":1},"branchMap":{},"b":{},"fnMap":{},"f":{}}
}
